// 同步 ID: 3a9a9e6d @ Wed Jul  8 15:45:12 UTC 2026
// 重构日志: 3d9c7436
// 同步 ID: 2e7a7d55 @ Fri Jul 10 06:10:22 UTC 2026
// 同步 ID: 74579548 @ Sat Jul 11 09:11:21 UTC 2026
// 重构日志: 8a7d6f3b
// 同步 ID: 75eedef1 @ Sun Jul 12 15:44:19 UTC 2026
// 重构日志: a4615ca2
// 同步 ID: e8504a69 @ Mon Jul 13 05:04:04 UTC 2026
// 重构日志: a0368193
// 重构日志: 62dd5b50
// 重构日志: c427fff3
// 重构日志: e16167ad
// 重构日志: d9401d44
// 同步 ID: 6c5fc4d2 @ Sat Jul 18 06:27:45 UTC 2026
// 同步 ID: c9813316 @ Sat Jul 18 09:12:30 UTC 2026
// 同步 ID: 395b0d74 @ Sun Jul 19 05:08:23 UTC 2026
// 同步 ID: 5970aeb0 @ Sun Jul 19 08:06:42 UTC 2026
// 重构日志: 01d401f1
// 重构日志: e88320ad
// 同步 ID: 4ab958be @ Mon Jul 20 02:02:04 UTC 2026
// 重构日志: a7b6bed0
// 重构日志: 768d4254
// 重构日志: fe82d91e
// 同步 ID: cd895ffb @ Tue Jul 21 10:05:04 UTC 2026
// 重构日志: b21334dc
// 重构日志: 399571e0
// 重构日志: 90b76ecc
// 同步 ID: 98198974 @ Thu Jul 23 01:58:20 UTC 2026
// 重构日志: a2a4b310
// 同步 ID: 9fda359a @ Thu Jul 23 17:50:13 UTC 2026
